[INFO] Scanning for projects...
[INFO] 
[INFO] ----------------------< me.girish:spellingbeeapp >----------------------
[INFO] Building spellingbeeapp 0.0.1-SNAPSHOT
[INFO]   from pom.xml
[INFO] --------------------------------[ war ]---------------------------------
[INFO] 
[INFO] >>> spring-boot:4.0.2:run (default-cli) > test-compile @ spellingbeeapp >>>
[INFO] 
[INFO] --- resources:3.3.1:resources (default-resources) @ spellingbeeapp ---
[INFO] Copying 1 resource from src/main/resources to target/classes
[INFO] Copying 11 resources from src/main/resources to target/classes
[INFO] 
[INFO] --- compiler:3.14.1:compile (default-compile) @ spellingbeeapp ---
[INFO] Recompiling the module because of changed source code.
[INFO] Compiling 15 source files with javac [debug parameters release 19] to target/classes
[INFO] 
[INFO] --- resources:3.3.1:testResources (default-testResources) @ spellingbeeapp ---
[INFO] skip non existing resourceDirectory /Users/girishnath/girishnath-git/spellingbeeapp/src/test/resources
[INFO] 
[INFO] --- compiler:3.14.1:testCompile (default-testCompile) @ spellingbeeapp ---
[INFO] Recompiling the module because of changed dependency.
[INFO] Compiling 1 source file with javac [debug parameters release 19] to target/test-classes
[INFO] 
[INFO] <<< spring-boot:4.0.2:run (default-cli) < test-compile @ spellingbeeapp <<<
[INFO] 
[INFO] 
[INFO] --- spring-boot:4.0.2:run (default-cli) @ spellingbeeapp ---
[INFO] Attaching agents: []

  .   ____          _            __ _ _
 /\\ / ___'_ __ _ _(_)_ __  __ _ \ \ \ \
( ( )\___ | '_ | '_| | '_ \/ _` | \ \ \ \
 \\/  ___)| |_)| | | | | || (_| |  ) ) ) )
  '  |____| .__|_| |_|_| |_\__, | / / / /
 =========|_|==============|___/=/_/_/_/

 :: Spring Boot ::                (v4.0.2)

2026-02-15T11:20:26.927-08:00  INFO 23778 --- [spellingbeeapp] [           main] m.g.s.SpellingbeeappApplication          : Starting SpellingbeeappApplication using Java 25.0.2 with PID 23778 (/Users/girishnath/girishnath-git/spellingbeeapp/target/classes started by girishnath in /Users/girishnath/girishnath-git/spellingbeeapp)
2026-02-15T11:20:26.928-08:00  INFO 23778 --- [spellingbeeapp] [           main] m.g.s.SpellingbeeappApplication          : No active profile set, falling back to 1 default profile: "default"
2026-02-15T11:20:27.125-08:00  INFO 23778 --- [spellingbeeapp] [           main] .s.d.r.c.RepositoryConfigurationDelegate : Bootstrapping Spring Data JPA repositories in DEFAULT mode.
2026-02-15T11:20:27.142-08:00  INFO 23778 --- [spellingbeeapp] [           main] .s.d.r.c.RepositoryConfigurationDelegate : Finished Spring Data repository scanning in 15 ms. Found 4 JPA repository interfaces.
2026-02-15T11:20:27.272-08:00  INFO 23778 --- [spellingbeeapp] [           main] o.s.boot.tomcat.TomcatWebServer          : Tomcat initialized with port 8080 (http)
2026-02-15T11:20:27.276-08:00  INFO 23778 --- [spellingbeeapp] [           main] o.apache.catalina.core.StandardService   : Starting service [Tomcat]
2026-02-15T11:20:27.276-08:00  INFO 23778 --- [spellingbeeapp] [           main] o.apache.catalina.core.StandardEngine    : Starting Servlet engine: [Apache Tomcat/11.0.15]
2026-02-15T11:20:27.291-08:00  INFO 23778 --- [spellingbeeapp] [           main] b.w.c.s.WebApplicationContextInitializer : Root WebApplicationContext: initialization completed in 345 ms
2026-02-15T11:20:27.333-08:00  INFO 23778 --- [spellingbeeapp] [           main] com.zaxxer.hikari.HikariDataSource       : HikariPool-1 - Starting...
2026-02-15T11:20:27.388-08:00  INFO 23778 --- [spellingbeeapp] [           main] com.zaxxer.hikari.pool.HikariPool        : HikariPool-1 - Added connection conn0: url=jdbc:h2:mem:03718f84-2cd1-4822-b88f-a19ec57aa0af user=SA
2026-02-15T11:20:27.389-08:00  INFO 23778 --- [spellingbeeapp] [           main] com.zaxxer.hikari.HikariDataSource       : HikariPool-1 - Start completed.
2026-02-15T11:20:27.399-08:00  INFO 23778 --- [spellingbeeapp] [           main] org.hibernate.orm.jpa                    : HHH008540: Processing PersistenceUnitInfo [name: default]
2026-02-15T11:20:27.414-08:00  INFO 23778 --- [spellingbeeapp] [           main] org.hibernate.orm.core                   : HHH000001: Hibernate ORM core version 7.2.1.Final
2026-02-15T11:20:27.536-08:00  INFO 23778 --- [spellingbeeapp] [           main] o.s.o.j.p.SpringPersistenceUnitInfo      : No LoadTimeWeaver setup: ignoring JPA class transformer
2026-02-15T11:20:27.561-08:00  INFO 23778 --- [spellingbeeapp] [           main] org.hibernate.orm.connections.pooling    : HHH10001005: Database info:
	Database JDBC URL [jdbc:h2:mem:03718f84-2cd1-4822-b88f-a19ec57aa0af]
	Database driver: H2 JDBC Driver
	Database dialect: H2Dialect
	Database version: 2.4.240
	Default catalog/schema: 03718F84-2CD1-4822-B88F-A19EC57AA0AF/PUBLIC
	Autocommit mode: undefined/unknown
	Isolation level: READ_COMMITTED [default READ_COMMITTED]
	JDBC fetch size: 100
	Pool: DataSourceConnectionProvider
	Minimum pool size: undefined/unknown
	Maximum pool size: undefined/unknown
2026-02-15T11:20:27.886-08:00  INFO 23778 --- [spellingbeeapp] [           main] org.hibernate.orm.core                   : HHH000489: No JTA platform available (set 'hibernate.transaction.jta.platform' to enable JTA platform integration)
2026-02-15T11:20:27.903-08:00  INFO 23778 --- [spellingbeeapp] [           main] j.LocalContainerEntityManagerFactoryBean : Initialized JPA EntityManagerFactory for persistence unit 'default'
2026-02-15T11:20:27.930-08:00  INFO 23778 --- [spellingbeeapp] [           main] o.s.d.j.r.query.QueryEnhancerFactories   : Hibernate is in classpath; If applicable, HQL parser will be used.
2026-02-15T11:20:28.007-08:00  WARN 23778 --- [spellingbeeapp] [           main] JpaBaseConfiguration$JpaWebConfiguration : spring.jpa.open-in-view is enabled by default. Therefore, database queries may be performed during view rendering. Explicitly configure spring.jpa.open-in-view to disable this warning
2026-02-15T11:20:28.012-08:00  INFO 23778 --- [spellingbeeapp] [           main] o.s.b.w.a.WelcomePageHandlerMapping      : Adding welcome page: class path resource [static/index.html]
2026-02-15T11:20:28.103-08:00  INFO 23778 --- [spellingbeeapp] [           main] o.s.boot.tomcat.TomcatWebServer          : Tomcat started on port 8080 (http) with context path '/'
2026-02-15T11:20:28.105-08:00  INFO 23778 --- [spellingbeeapp] [           main] m.g.s.SpellingbeeappApplication          : Started SpellingbeeappApplication in 1.29 seconds (process running for 1.419)
2026-02-15T11:20:39.219-08:00  INFO 23778 --- [spellingbeeapp] [nio-8080-exec-1] o.a.c.c.C.[Tomcat].[localhost].[/]       : Initializing Spring DispatcherServlet 'dispatcherServlet'
2026-02-15T11:20:39.220-08:00  INFO 23778 --- [spellingbeeapp] [nio-8080-exec-1] o.s.web.servlet.DispatcherServlet        : Initializing Servlet 'dispatcherServlet'
2026-02-15T11:20:39.220-08:00  INFO 23778 --- [spellingbeeapp] [nio-8080-exec-1] o.s.web.servlet.DispatcherServlet        : Completed initialization in 0 ms
Word not found in Dictionary API: cymotrichous
Word not found in Dictionary API: paraphernalia
Word not found in Dictionary API: crustaceology
Word not found in Dictionary API: batrachophagous
HTTP error fetching definition for nudiustertian: 429 Too Many Requests on GET request for "https://api.dictionaryapi.dev/api/v2/entries/en/nudiustertian": "error code: 1015"
HTTP error fetching definition for sacrilegious: 429 Too Many Requests on GET request for "https://api.dictionaryapi.dev/api/v2/entries/en/sacrilegious": "error code: 1015"
HTTP error fetching definition for grandiloquent: 429 Too Many Requests on GET request for "https://api.dictionaryapi.dev/api/v2/entries/en/grandiloquent": "error code: 1015"
HTTP error fetching definition for piffle: 429 Too Many Requests on GET request for "https://api.dictionaryapi.dev/api/v2/entries/en/piffle": "error code: 1015"
HTTP error fetching definition for grandiloquent: 429 Too Many Requests on GET request for "https://api.dictionaryapi.dev/api/v2/entries/en/grandiloquent": "error code: 1015"
HTTP error fetching definition for ephemeral: 429 Too Many Requests on GET request for "https://api.dictionaryapi.dev/api/v2/entries/en/ephemeral": "error code: 1015"
HTTP error fetching definition for scherenschnitte: 429 Too Many Requests on GET request for "https://api.dictionaryapi.dev/api/v2/entries/en/scherenschnitte": "error code: 1015"
HTTP error fetching definition for nincompoop: 429 Too Many Requests on GET request for "https://api.dictionaryapi.dev/api/v2/entries/en/nincompoop": "error code: 1015"
HTTP error fetching definition for guerdon: 429 Too Many Requests on GET request for "https://api.dictionaryapi.dev/api/v2/entries/en/guerdon": "error code: 1015"
HTTP error fetching definition for cymotrichous: 429 Too Many Requests on GET request for "https://api.dictionaryapi.dev/api/v2/entries/en/cymotrichous": "error code: 1015"
HTTP error fetching definition for irresistible: 429 Too Many Requests on GET request for "https://api.dictionaryapi.dev/api/v2/entries/en/irresistible": "error code: 1015"
HTTP error fetching definition for soliloquy: 429 Too Many Requests on GET request for "https://api.dictionaryapi.dev/api/v2/entries/en/soliloquy": "error code: 1015"
HTTP error fetching definition for chrysanthemum: 429 Too Many Requests on GET request for "https://api.dictionaryapi.dev/api/v2/entries/en/chrysanthemum": "error code: 1015"
HTTP error fetching definition for kamikaze: 429 Too Many Requests on GET request for "https://api.dictionaryapi.dev/api/v2/entries/en/kamikaze": "error code: 1015"
HTTP error fetching definition for discipline: 429 Too Many Requests on GET request for "https://api.dictionaryapi.dev/api/v2/entries/en/discipline": "error code: 1015"
HTTP error fetching definition for obfuscate: 429 Too Many Requests on GET request for "https://api.dictionaryapi.dev/api/v2/entries/en/obfuscate": "error code: 1015"
HTTP error fetching definition for widdershins: 429 Too Many Requests on GET request for "https://api.dictionaryapi.dev/api/v2/entries/en/widdershins": "error code: 1015"
HTTP error fetching definition for stichomythia: 429 Too Many Requests on GET request for "https://api.dictionaryapi.dev/api/v2/entries/en/stichomythia": "error code: 1015"
HTTP error fetching definition for nudiustertian: 429 Too Many Requests on GET request for "https://api.dictionaryapi.dev/api/v2/entries/en/nudiustertian": "error code: 1015"
HTTP error fetching definition for weird: 429 Too Many Requests on GET request for "https://api.dictionaryapi.dev/api/v2/entries/en/weird": "error code: 1015"
HTTP error fetching definition for idiosyncratic: 429 Too Many Requests on GET request for "https://api.dictionaryapi.dev/api/v2/entries/en/idiosyncratic": "error code: 1015"
HTTP error fetching definition for prospicience: 429 Too Many Requests on GET request for "https://api.dictionaryapi.dev/api/v2/entries/en/prospicience": "error code: 1015"
HTTP error fetching definition for kamikaze: 429 Too Many Requests on GET request for "https://api.dictionaryapi.dev/api/v2/entries/en/kamikaze": "error code: 1015"
HTTP error fetching definition for phlegm: 429 Too Many Requests on GET request for "https://api.dictionaryapi.dev/api/v2/entries/en/phlegm": "error code: 1015"
HTTP error fetching definition for nudiustertian: 429 Too Many Requests on GET request for "https://api.dictionaryapi.dev/api/v2/entries/en/nudiustertian": "error code: 1015"
HTTP error fetching definition for labyrinthine: 429 Too Many Requests on GET request for "https://api.dictionaryapi.dev/api/v2/entries/en/labyrinthine": "error code: 1015"
HTTP error fetching definition for malarkey: 429 Too Many Requests on GET request for "https://api.dictionaryapi.dev/api/v2/entries/en/malarkey": "error code: 1015"
HTTP error fetching definition for nudiustertian: 429 Too Many Requests on GET request for "https://api.dictionaryapi.dev/api/v2/entries/en/nudiustertian": "error code: 1015"
HTTP error fetching definition for privilege: 429 Too Many Requests on GET request for "https://api.dictionaryapi.dev/api/v2/entries/en/privilege": "error code: 1015"
HTTP error fetching definition for nincompoop: 429 Too Many Requests on GET request for "https://api.dictionaryapi.dev/api/v2/entries/en/nincompoop": "error code: 1015"
HTTP error fetching definition for nunatak: 429 Too Many Requests on GET request for "https://api.dictionaryapi.dev/api/v2/entries/en/nunatak": "error code: 1015"
HTTP error fetching definition for stromuhr: 429 Too Many Requests on GET request for "https://api.dictionaryapi.dev/api/v2/entries/en/stromuhr": "error code: 1015"
HTTP error fetching definition for liaison: 429 Too Many Requests on GET request for "https://api.dictionaryapi.dev/api/v2/entries/en/liaison": "error code: 1015"
HTTP error fetching definition for paraphernalia: 429 Too Many Requests on GET request for "https://api.dictionaryapi.dev/api/v2/entries/en/paraphernalia": "error code: 1015"
HTTP error fetching definition for autochthonous: 429 Too Many Requests on GET request for "https://api.dictionaryapi.dev/api/v2/entries/en/autochthonous": "error code: 1015"
HTTP error fetching definition for collywobbles: 429 Too Many Requests on GET request for "https://api.dictionaryapi.dev/api/v2/entries/en/collywobbles": "error code: 1015"
HTTP error fetching definition for sacrilegious: 429 Too Many Requests on GET request for "https://api.dictionaryapi.dev/api/v2/entries/en/sacrilegious": "error code: 1015"
HTTP error fetching definition for maneuver: 429 Too Many Requests on GET request for "https://api.dictionaryapi.dev/api/v2/entries/en/maneuver": "error code: 1015"
HTTP error fetching definition for maneuver: 429 Too Many Requests on GET request for "https://api.dictionaryapi.dev/api/v2/entries/en/maneuver": "error code: 1015"
HTTP error fetching definition for fuchsia: 429 Too Many Requests on GET request for "https://api.dictionaryapi.dev/api/v2/entries/en/fuchsia": "error code: 1015"
HTTP error fetching definition for possession: 429 Too Many Requests on GET request for "https://api.dictionaryapi.dev/api/v2/entries/en/possession": "error code: 1015"
HTTP error fetching definition for cemetery: 429 Too Many Requests on GET request for "https://api.dictionaryapi.dev/api/v2/entries/en/cemetery": "error code: 1015"
HTTP error fetching definition for handkerchief: 429 Too Many Requests on GET request for "https://api.dictionaryapi.dev/api/v2/entries/en/handkerchief": "error code: 1015"
HTTP error fetching definition for appoggiatura: 429 Too Many Requests on GET request for "https://api.dictionaryapi.dev/api/v2/entries/en/appoggiatura": "error code: 1015"
HTTP error fetching definition for ephemeral: 429 Too Many Requests on GET request for "https://api.dictionaryapi.dev/api/v2/entries/en/ephemeral": "error code: 1015"
HTTP error fetching definition for xertz: 429 Too Many Requests on GET request for "https://api.dictionaryapi.dev/api/v2/entries/en/xertz": "error code: 1015"
HTTP error fetching definition for stichomythia: 429 Too Many Requests on GET request for "https://api.dictionaryapi.dev/api/v2/entries/en/stichomythia": "error code: 1015"
HTTP error fetching definition for xertz: 429 Too Many Requests on GET request for "https://api.dictionaryapi.dev/api/v2/entries/en/xertz": "error code: 1015"
ABOUT TO SAVE 45 QUESTIONS
2026-02-15T11:20:49.624-08:00  WARN 23778 --- [spellingbeeapp] [nio-8080-exec-1] org.hibernate.orm.jdbc.error             : HHH000247: ErrorCode: 22001, SQLState: 22001
2026-02-15T11:20:49.624-08:00  WARN 23778 --- [spellingbeeapp] [nio-8080-exec-1] org.hibernate.orm.jdbc.error             : Value too long for column "CORRECT_ANSWER CHARACTER VARYING(255)": "U&'A diacritic ( \\00a8 ) placed over a vowel letter (especially the second of tw... (256)"; SQL statement:
insert into question (correct_answer,question_text,type,word,id) values (?,?,?,?,default) [22001-240]
ERROR SAVING QUIZ: could not execute statement [Value too long for column "CORRECT_ANSWER CHARACTER VARYING(255)": "U&'A diacritic ( \\00a8 ) placed over a vowel letter (especially the second of tw... (256)"; SQL statement:
insert into question (correct_answer,question_text,type,word,id) values (?,?,?,?,default) [22001-240]] [insert into question (correct_answer,question_text,type,word,id) values (?,?,?,?,default)]; SQL [insert into question (correct_answer,question_text,type,word,id) values (?,?,?,?,default)]
org.springframework.dao.DataIntegrityViolationException: could not execute statement [Value too long for column "CORRECT_ANSWER CHARACTER VARYING(255)": "U&'A diacritic ( \\00a8 ) placed over a vowel letter (especially the second of tw... (256)"; SQL statement:
insert into question (correct_answer,question_text,type,word,id) values (?,?,?,?,default) [22001-240]] [insert into question (correct_answer,question_text,type,word,id) values (?,?,?,?,default)]; SQL [insert into question (correct_answer,question_text,type,word,id) values (?,?,?,?,default)]
	at org.springframework.orm.jpa.hibernate.HibernateExceptionTranslator.convertHibernateAccessException(HibernateExceptionTranslator.java:172)
	at org.springframework.orm.jpa.hibernate.HibernateExceptionTranslator.convertHibernateAccessException(HibernateExceptionTranslator.java:131)
	at org.springframework.orm.jpa.hibernate.HibernateExceptionTranslator.translateExceptionIfPossible(HibernateExceptionTranslator.java:105)
	at org.springframework.orm.jpa.vendor.HibernateJpaDialect.translateExceptionIfPossible(HibernateJpaDialect.java:199)
	at org.springframework.orm.jpa.AbstractEntityManagerFactoryBean.translateExceptionIfPossible(AbstractEntityManagerFactoryBean.java:556)
	at org.springframework.dao.support.ChainedPersistenceExceptionTranslator.translateExceptionIfPossible(ChainedPersistenceExceptionTranslator.java:61)
	at org.springframework.dao.support.DataAccessUtils.translateIfNecessary(DataAccessUtils.java:346)
	at org.springframework.dao.support.PersistenceExceptionTranslationInterceptor.invoke(PersistenceExceptionTranslationInterceptor.java:157)
	at org.springframework.aop.framework.ReflectiveMethodInvocation.proceed(ReflectiveMethodInvocation.java:179)
	at org.springframework.data.jpa.repository.support.CrudMethodMetadataPostProcessor$CrudMethodMetadataPopulatingMethodInterceptor.invoke(CrudMethodMetadataPostProcessor.java:166)
	at org.springframework.aop.framework.ReflectiveMethodInvocation.proceed(ReflectiveMethodInvocation.java:179)
	at org.springframework.aop.framework.JdkDynamicAopProxy.invoke(JdkDynamicAopProxy.java:222)
	at jdk.proxy2/jdk.proxy2.$Proxy130.saveAll(Unknown Source)
	at me.girish.spellingbeeapp.service.QuizService.generateQuiz(QuizService.java:114)
	at me.girish.spellingbeeapp.controller.QuizController.startQuiz(QuizController.java:33)
	at java.base/jdk.internal.reflect.DirectMethodHandleAccessor.invoke(DirectMethodHandleAccessor.java:104)
	at java.base/java.lang.reflect.Method.invoke(Method.java:565)
	at org.springframework.web.method.support.InvocableHandlerMethod.doInvoke(InvocableHandlerMethod.java:258)
	at org.springframework.web.method.support.InvocableHandlerMethod.invokeForRequest(InvocableHandlerMethod.java:190)
	at org.springframework.web.servlet.mvc.method.annotation.ServletInvocableHandlerMethod.invokeAndHandle(ServletInvocableHandlerMethod.java:117)
	at org.springframework.web.servlet.mvc.method.annotation.RequestMappingHandlerAdapter.invokeHandlerMethod(RequestMappingHandlerAdapter.java:934)
	at org.springframework.web.servlet.mvc.method.annotation.RequestMappingHandlerAdapter.handleInternal(RequestMappingHandlerAdapter.java:853)
	at org.springframework.web.servlet.mvc.method.AbstractHandlerMethodAdapter.handle(AbstractHandlerMethodAdapter.java:86)
	at org.springframework.web.servlet.DispatcherServlet.doDispatch(DispatcherServlet.java:963)
	at org.springframework.web.servlet.DispatcherServlet.doService(DispatcherServlet.java:866)
	at org.springframework.web.servlet.FrameworkServlet.processRequest(FrameworkServlet.java:1003)
	at org.springframework.web.servlet.FrameworkServlet.doGet(FrameworkServlet.java:892)
	at jakarta.servlet.http.HttpServlet.service(HttpServlet.java:622)
	at org.springframework.web.servlet.FrameworkServlet.service(FrameworkServlet.java:874)
	at jakarta.servlet.http.HttpServlet.service(HttpServlet.java:710)
	at org.apache.catalina.core.ApplicationFilterChain.doFilter(ApplicationFilterChain.java:128)
	at org.apache.tomcat.websocket.server.WsFilter.doFilter(WsFilter.java:53)
	at org.apache.catalina.core.ApplicationFilterChain.doFilter(ApplicationFilterChain.java:107)
	at org.springframework.web.filter.RequestContextFilter.doFilterInternal(RequestContextFilter.java:100)
	at org.springframework.web.filter.OncePerRequestFilter.doFilter(OncePerRequestFilter.java:116)
	at org.apache.catalina.core.ApplicationFilterChain.doFilter(ApplicationFilterChain.java:107)
	at org.springframework.web.filter.FormContentFilter.doFilterInternal(FormContentFilter.java:93)
	at org.springframework.web.filter.OncePerRequestFilter.doFilter(OncePerRequestFilter.java:116)
	at org.apache.catalina.core.ApplicationFilterChain.doFilter(ApplicationFilterChain.java:107)
	at org.springframework.web.filter.CharacterEncodingFilter.doFilterInternal(CharacterEncodingFilter.java:199)
	at org.springframework.web.filter.OncePerRequestFilter.doFilter(OncePerRequestFilter.java:116)
	at org.apache.catalina.core.ApplicationFilterChain.doFilter(ApplicationFilterChain.java:107)
	at org.apache.catalina.core.StandardWrapperValve.invoke(StandardWrapperValve.java:165)
	at org.apache.catalina.core.StandardContextValve.invoke(StandardContextValve.java:77)
	at org.apache.catalina.authenticator.AuthenticatorBase.invoke(AuthenticatorBase.java:482)
	at org.apache.catalina.core.StandardHostValve.invoke(StandardHostValve.java:113)
	at org.apache.catalina.valves.ErrorReportValve.invoke(ErrorReportValve.java:83)
	at org.apache.catalina.core.StandardEngineValve.invoke(StandardEngineValve.java:72)
	at org.apache.catalina.connector.CoyoteAdapter.service(CoyoteAdapter.java:341)
	at org.apache.coyote.http11.Http11Processor.service(Http11Processor.java:397)
	at org.apache.coyote.AbstractProcessorLight.process(AbstractProcessorLight.java:63)
	at org.apache.coyote.AbstractProtocol$ConnectionHandler.process(AbstractProtocol.java:903)
	at org.apache.tomcat.util.net.NioEndpoint$SocketProcessor.doRun(NioEndpoint.java:1778)
	at org.apache.tomcat.util.net.SocketProcessorBase.run(SocketProcessorBase.java:52)
	at org.apache.tomcat.util.threads.ThreadPoolExecutor.runWorker(ThreadPoolExecutor.java:946)
	at org.apache.tomcat.util.threads.ThreadPoolExecutor$Worker.run(ThreadPoolExecutor.java:480)
	at org.apache.tomcat.util.threads.TaskThread$WrappingRunnable.run(TaskThread.java:57)
	at java.base/java.lang.Thread.run(Thread.java:1474)
Caused by: org.hibernate.exception.DataException: could not execute statement [Value too long for column "CORRECT_ANSWER CHARACTER VARYING(255)": "U&'A diacritic ( \\00a8 ) placed over a vowel letter (especially the second of tw... (256)"; SQL statement:
insert into question (correct_answer,question_text,type,word,id) values (?,?,?,?,default) [22001-240]] [insert into question (correct_answer,question_text,type,word,id) values (?,?,?,?,default)]
	at org.hibernate.exception.internal.SQLExceptionTypeDelegate.convert(SQLExceptionTypeDelegate.java:53)
	at org.hibernate.exception.internal.StandardSQLExceptionConverter.convert(StandardSQLExceptionConverter.java:34)
	at org.hibernate.engine.jdbc.spi.SqlExceptionHelper.convert(SqlExceptionHelper.java:115)
	at org.hibernate.engine.jdbc.internal.ResultSetReturnImpl.executeUpdate(ResultSetReturnImpl.java:184)
	at org.hibernate.id.insert.GetGeneratedKeysDelegate.performMutation(GetGeneratedKeysDelegate.java:103)
	at org.hibernate.engine.jdbc.mutation.internal.MutationExecutorSingleNonBatched.performNonBatchedOperations(MutationExecutorSingleNonBatched.java:45)
	at org.hibernate.engine.jdbc.mutation.internal.AbstractMutationExecutor.execute(AbstractMutationExecutor.java:66)
	at org.hibernate.engine.jdbc.mutation.internal.AbstractMutationExecutor.execute(AbstractMutationExecutor.java:55)
	at org.hibernate.persister.entity.mutation.InsertCoordinatorStandard.doStaticInserts(InsertCoordinatorStandard.java:180)
	at org.hibernate.persister.entity.mutation.InsertCoordinatorStandard.coordinateInsert(InsertCoordinatorStandard.java:120)
	at org.hibernate.persister.entity.mutation.InsertCoordinatorStandard.insert(InsertCoordinatorStandard.java:84)
	at org.hibernate.action.internal.EntityIdentityInsertAction.execute(EntityIdentityInsertAction.java:85)
	at org.hibernate.engine.spi.ActionQueue.execute(ActionQueue.java:667)
	at org.hibernate.engine.spi.ActionQueue.addResolvedEntityInsertAction(ActionQueue.java:291)
	at org.hibernate.engine.spi.ActionQueue.addInsertAction(ActionQueue.java:270)
	at org.hibernate.engine.spi.ActionQueue.addAction(ActionQueue.java:322)
	at org.hibernate.event.internal.AbstractSaveEventListener.addInsertAction(AbstractSaveEventListener.java:371)
	at org.hibernate.event.internal.AbstractSaveEventListener.performSaveOrReplicate(AbstractSaveEventListener.java:285)
	at org.hibernate.event.internal.AbstractSaveEventListener.performSave(AbstractSaveEventListener.java:215)
	at org.hibernate.event.internal.AbstractSaveEventListener.saveWithGeneratedId(AbstractSaveEventListener.java:133)
	at org.hibernate.event.internal.DefaultPersistEventListener.entityIsTransient(DefaultPersistEventListener.java:145)
	at org.hibernate.event.internal.DefaultPersistEventListener.persist(DefaultPersistEventListener.java:89)
	at org.hibernate.event.internal.DefaultPersistEventListener.onPersist(DefaultPersistEventListener.java:73)
	at org.hibernate.event.internal.DefaultPersistEventListener.onPersist(DefaultPersistEventListener.java:49)
	at org.hibernate.event.service.internal.EventListenerGroupImpl.fireEventOnEachListener(EventListenerGroupImpl.java:138)
	at org.hibernate.internal.SessionImpl.firePersist(SessionImpl.java:689)
	at org.hibernate.internal.SessionImpl.persist(SessionImpl.java:672)
	at java.base/jdk.internal.reflect.DirectMethodHandleAccessor.invoke(DirectMethodHandleAccessor.java:104)
	at java.base/java.lang.reflect.Method.invoke(Method.java:565)
	at org.springframework.orm.jpa.ExtendedEntityManagerCreator$ExtendedEntityManagerInvocationHandler.invoke(ExtendedEntityManagerCreator.java:362)
	at jdk.proxy2/jdk.proxy2.$Proxy123.persist(Unknown Source)
	at java.base/jdk.internal.reflect.DirectMethodHandleAccessor.invoke(DirectMethodHandleAccessor.java:104)
	at java.base/java.lang.reflect.Method.invoke(Method.java:565)
	at org.springframework.orm.jpa.SharedEntityManagerCreator$SharedEntityManagerInvocationHandler.invoke(SharedEntityManagerCreator.java:317)
	at jdk.proxy2/jdk.proxy2.$Proxy123.persist(Unknown Source)
	at org.springframework.data.jpa.repository.support.SimpleJpaRepository.save(SimpleJpaRepository.java:664)
	at org.springframework.data.jpa.repository.support.SimpleJpaRepository.saveAll(SimpleJpaRepository.java:690)
	at java.base/jdk.internal.reflect.DirectMethodHandleAccessor.invoke(DirectMethodHandleAccessor.java:104)
	at java.base/java.lang.reflect.Method.invoke(Method.java:565)
	at org.springframework.aop.support.AopUtils.invokeJoinpointUsingReflection(AopUtils.java:359)
	at org.springframework.data.repository.core.support.RepositoryMethodInvoker$RepositoryFragmentMethodInvoker.lambda$new$0(RepositoryMethodInvoker.java:278)
	at org.springframework.data.repository.core.support.RepositoryMethodInvoker.doInvoke(RepositoryMethodInvoker.java:169)
	at org.springframework.data.repository.core.support.RepositoryMethodInvoker.invoke(RepositoryMethodInvoker.java:158)
	at org.springframework.data.repository.core.support.RepositoryComposition$RepositoryFragments.invoke(RepositoryComposition.java:545)
	at org.springframework.data.repository.core.support.RepositoryComposition.invoke(RepositoryComposition.java:290)
	at org.springframework.data.repository.core.support.RepositoryFactorySupport$ImplementationMethodExecutionInterceptor.invoke(RepositoryFactorySupport.java:690)
	at org.springframework.aop.framework.ReflectiveMethodInvocation.proceed(ReflectiveMethodInvocation.java:179)
	at org.springframework.data.repository.core.support.QueryExecutorMethodInterceptor.doInvoke(QueryExecutorMethodInterceptor.java:171)
	at org.springframework.data.repository.core.support.QueryExecutorMethodInterceptor.invoke(QueryExecutorMethodInterceptor.java:146)
	at org.springframework.aop.framework.ReflectiveMethodInvocation.proceed(ReflectiveMethodInvocation.java:179)
	at org.springframework.data.projection.DefaultMethodInvokingMethodInterceptor.invoke(DefaultMethodInvokingMethodInterceptor.java:69)
	at org.springframework.aop.framework.ReflectiveMethodInvocation.proceed(ReflectiveMethodInvocation.java:179)
	at org.springframework.transaction.interceptor.TransactionInterceptor$1.proceedWithInvocation(TransactionInterceptor.java:133)
	at org.springframework.transaction.interceptor.TransactionAspectSupport.invokeWithinTransaction(TransactionAspectSupport.java:371)
	at org.springframework.transaction.interceptor.TransactionInterceptor.invoke(TransactionInterceptor.java:130)
	at org.springframework.aop.framework.ReflectiveMethodInvocation.proceed(ReflectiveMethodInvocation.java:179)
	at org.springframework.dao.support.PersistenceExceptionTranslationInterceptor.invoke(PersistenceExceptionTranslationInterceptor.java:135)
	... 50 more
Caused by: org.h2.jdbc.JdbcSQLDataException: Value too long for column "CORRECT_ANSWER CHARACTER VARYING(255)": "U&'A diacritic ( \\00a8 ) placed over a vowel letter (especially the second of tw... (256)"; SQL statement:
insert into question (correct_answer,question_text,type,word,id) values (?,?,?,?,default) [22001-240]
	at org.h2.message.DbException.getJdbcSQLException(DbException.java:518)
	at org.h2.message.DbException.getJdbcSQLException(DbException.java:489)
	at org.h2.message.DbException.get(DbException.java:223)
	at org.h2.message.DbException.getValueTooLongException(DbException.java:334)
	at org.h2.value.Value.getValueTooLongException(Value.java:2617)
	at org.h2.value.Value.convertToVarchar(Value.java:1292)
	at org.h2.value.Value.convertTo(Value.java:1148)
	at org.h2.value.Value.convertForAssignTo(Value.java:1123)
	at org.h2.table.Column.validateConvertUpdateSequence(Column.java:410)
	at org.h2.table.Table.convertInsertRow(Table.java:948)
	at org.h2.command.dml.Insert.insertRows(Insert.java:167)
	at org.h2.command.dml.Insert.update(Insert.java:135)
	at org.h2.command.CommandContainer.executeUpdateWithGeneratedKeys(CommandContainer.java:212)
	at org.h2.command.CommandContainer.update(CommandContainer.java:133)
	at org.h2.command.Command.executeUpdate(Command.java:306)
	at org.h2.command.Command.executeUpdate(Command.java:250)
	at org.h2.jdbc.JdbcPreparedStatement.executeUpdateInternal(JdbcPreparedStatement.java:213)
	at org.h2.jdbc.JdbcPreparedStatement.executeUpdate(JdbcPreparedStatement.java:172)
	at com.zaxxer.hikari.pool.ProxyPreparedStatement.executeUpdate(ProxyPreparedStatement.java:61)
	at com.zaxxer.hikari.pool.HikariProxyPreparedStatement.executeUpdate(HikariProxyPreparedStatement.java)
	at org.hibernate.engine.jdbc.internal.ResultSetReturnImpl.executeUpdate(ResultSetReturnImpl.java:181)
	... 103 more
2026-02-15T11:20:49.632-08:00 ERROR 23778 --- [spellingbeeapp] [nio-8080-exec-1] o.a.c.c.C.[.[.[/].[dispatcherServlet]    : Servlet.service() for servlet [dispatcherServlet] in context with path [] threw exception [Request processing failed: org.springframework.dao.DataIntegrityViolationException: could not execute statement [Value too long for column "CORRECT_ANSWER CHARACTER VARYING(255)": "U&'A diacritic ( \\00a8 ) placed over a vowel letter (especially the second of tw... (256)"; SQL statement:
insert into question (correct_answer,question_text,type,word,id) values (?,?,?,?,default) [22001-240]] [insert into question (correct_answer,question_text,type,word,id) values (?,?,?,?,default)]; SQL [insert into question (correct_answer,question_text,type,word,id) values (?,?,?,?,default)]] with root cause

org.h2.jdbc.JdbcSQLDataException: Value too long for column "CORRECT_ANSWER CHARACTER VARYING(255)": "U&'A diacritic ( \\00a8 ) placed over a vowel letter (especially the second of tw... (256)"; SQL statement:
insert into question (correct_answer,question_text,type,word,id) values (?,?,?,?,default) [22001-240]
	at org.h2.message.DbException.getJdbcSQLException(DbException.java:518) ~[h2-2.4.240.jar:2.4.240]
	at org.h2.message.DbException.getJdbcSQLException(DbException.java:489) ~[h2-2.4.240.jar:2.4.240]
	at org.h2.message.DbException.get(DbException.java:223) ~[h2-2.4.240.jar:2.4.240]
	at org.h2.message.DbException.getValueTooLongException(DbException.java:334) ~[h2-2.4.240.jar:2.4.240]
	at org.h2.value.Value.getValueTooLongException(Value.java:2617) ~[h2-2.4.240.jar:2.4.240]
	at org.h2.value.Value.convertToVarchar(Value.java:1292) ~[h2-2.4.240.jar:2.4.240]
	at org.h2.value.Value.convertTo(Value.java:1148) ~[h2-2.4.240.jar:2.4.240]
	at org.h2.value.Value.convertForAssignTo(Value.java:1123) ~[h2-2.4.240.jar:2.4.240]
	at org.h2.table.Column.validateConvertUpdateSequence(Column.java:410) ~[h2-2.4.240.jar:2.4.240]
	at org.h2.table.Table.convertInsertRow(Table.java:948) ~[h2-2.4.240.jar:2.4.240]
	at org.h2.command.dml.Insert.insertRows(Insert.java:167) ~[h2-2.4.240.jar:2.4.240]
	at org.h2.command.dml.Insert.update(Insert.java:135) ~[h2-2.4.240.jar:2.4.240]
	at org.h2.command.CommandContainer.executeUpdateWithGeneratedKeys(CommandContainer.java:212) ~[h2-2.4.240.jar:2.4.240]
	at org.h2.command.CommandContainer.update(CommandContainer.java:133) ~[h2-2.4.240.jar:2.4.240]
	at org.h2.command.Command.executeUpdate(Command.java:306) ~[h2-2.4.240.jar:2.4.240]
	at org.h2.command.Command.executeUpdate(Command.java:250) ~[h2-2.4.240.jar:2.4.240]
	at org.h2.jdbc.JdbcPreparedStatement.executeUpdateInternal(JdbcPreparedStatement.java:213) ~[h2-2.4.240.jar:2.4.240]
	at org.h2.jdbc.JdbcPreparedStatement.executeUpdate(JdbcPreparedStatement.java:172) ~[h2-2.4.240.jar:2.4.240]
	at com.zaxxer.hikari.pool.ProxyPreparedStatement.executeUpdate(ProxyPreparedStatement.java:61) ~[HikariCP-7.0.2.jar:na]
	at com.zaxxer.hikari.pool.HikariProxyPreparedStatement.executeUpdate(HikariProxyPreparedStatement.java) ~[HikariCP-7.0.2.jar:na]
	at org.hibernate.engine.jdbc.internal.ResultSetReturnImpl.executeUpdate(ResultSetReturnImpl.java:181) ~[hibernate-core-7.2.1.Final.jar:7.2.1.Final]
	at org.hibernate.id.insert.GetGeneratedKeysDelegate.performMutation(GetGeneratedKeysDelegate.java:103) ~[hibernate-core-7.2.1.Final.jar:7.2.1.Final]
	at org.hibernate.engine.jdbc.mutation.internal.MutationExecutorSingleNonBatched.performNonBatchedOperations(MutationExecutorSingleNonBatched.java:45) ~[hibernate-core-7.2.1.Final.jar:7.2.1.Final]
	at org.hibernate.engine.jdbc.mutation.internal.AbstractMutationExecutor.execute(AbstractMutationExecutor.java:66) ~[hibernate-core-7.2.1.Final.jar:7.2.1.Final]
	at org.hibernate.engine.jdbc.mutation.internal.AbstractMutationExecutor.execute(AbstractMutationExecutor.java:55) ~[hibernate-core-7.2.1.Final.jar:7.2.1.Final]
	at org.hibernate.persister.entity.mutation.InsertCoordinatorStandard.doStaticInserts(InsertCoordinatorStandard.java:180) ~[hibernate-core-7.2.1.Final.jar:7.2.1.Final]
	at org.hibernate.persister.entity.mutation.InsertCoordinatorStandard.coordinateInsert(InsertCoordinatorStandard.java:120) ~[hibernate-core-7.2.1.Final.jar:7.2.1.Final]
	at org.hibernate.persister.entity.mutation.InsertCoordinatorStandard.insert(InsertCoordinatorStandard.java:84) ~[hibernate-core-7.2.1.Final.jar:7.2.1.Final]
	at org.hibernate.action.internal.EntityIdentityInsertAction.execute(EntityIdentityInsertAction.java:85) ~[hibernate-core-7.2.1.Final.jar:7.2.1.Final]
	at org.hibernate.engine.spi.ActionQueue.execute(ActionQueue.java:667) ~[hibernate-core-7.2.1.Final.jar:7.2.1.Final]
	at org.hibernate.engine.spi.ActionQueue.addResolvedEntityInsertAction(ActionQueue.java:291) ~[hibernate-core-7.2.1.Final.jar:7.2.1.Final]
	at org.hibernate.engine.spi.ActionQueue.addInsertAction(ActionQueue.java:270) ~[hibernate-core-7.2.1.Final.jar:7.2.1.Final]
	at org.hibernate.engine.spi.ActionQueue.addAction(ActionQueue.java:322) ~[hibernate-core-7.2.1.Final.jar:7.2.1.Final]
	at org.hibernate.event.internal.AbstractSaveEventListener.addInsertAction(AbstractSaveEventListener.java:371) ~[hibernate-core-7.2.1.Final.jar:7.2.1.Final]
	at org.hibernate.event.internal.AbstractSaveEventListener.performSaveOrReplicate(AbstractSaveEventListener.java:285) ~[hibernate-core-7.2.1.Final.jar:7.2.1.Final]
	at org.hibernate.event.internal.AbstractSaveEventListener.performSave(AbstractSaveEventListener.java:215) ~[hibernate-core-7.2.1.Final.jar:7.2.1.Final]
	at org.hibernate.event.internal.AbstractSaveEventListener.saveWithGeneratedId(AbstractSaveEventListener.java:133) ~[hibernate-core-7.2.1.Final.jar:7.2.1.Final]
	at org.hibernate.event.internal.DefaultPersistEventListener.entityIsTransient(DefaultPersistEventListener.java:145) ~[hibernate-core-7.2.1.Final.jar:7.2.1.Final]
	at org.hibernate.event.internal.DefaultPersistEventListener.persist(DefaultPersistEventListener.java:89) ~[hibernate-core-7.2.1.Final.jar:7.2.1.Final]
	at org.hibernate.event.internal.DefaultPersistEventListener.onPersist(DefaultPersistEventListener.java:73) ~[hibernate-core-7.2.1.Final.jar:7.2.1.Final]
	at org.hibernate.event.internal.DefaultPersistEventListener.onPersist(DefaultPersistEventListener.java:49) ~[hibernate-core-7.2.1.Final.jar:7.2.1.Final]
	at org.hibernate.event.service.internal.EventListenerGroupImpl.fireEventOnEachListener(EventListenerGroupImpl.java:138) ~[hibernate-core-7.2.1.Final.jar:7.2.1.Final]
	at org.hibernate.internal.SessionImpl.firePersist(SessionImpl.java:689) ~[hibernate-core-7.2.1.Final.jar:7.2.1.Final]
	at org.hibernate.internal.SessionImpl.persist(SessionImpl.java:672) ~[hibernate-core-7.2.1.Final.jar:7.2.1.Final]
	at java.base/jdk.internal.reflect.DirectMethodHandleAccessor.invoke(DirectMethodHandleAccessor.java:104) ~[na:na]
	at java.base/java.lang.reflect.Method.invoke(Method.java:565) ~[na:na]
	at org.springframework.orm.jpa.ExtendedEntityManagerCreator$ExtendedEntityManagerInvocationHandler.invoke(ExtendedEntityManagerCreator.java:362) ~[spring-orm-7.0.3.jar:7.0.3]
	at jdk.proxy2/jdk.proxy2.$Proxy123.persist(Unknown Source) ~[na:na]
	at java.base/jdk.internal.reflect.DirectMethodHandleAccessor.invoke(DirectMethodHandleAccessor.java:104) ~[na:na]
	at java.base/java.lang.reflect.Method.invoke(Method.java:565) ~[na:na]
	at org.springframework.orm.jpa.SharedEntityManagerCreator$SharedEntityManagerInvocationHandler.invoke(SharedEntityManagerCreator.java:317) ~[spring-orm-7.0.3.jar:7.0.3]
	at jdk.proxy2/jdk.proxy2.$Proxy123.persist(Unknown Source) ~[na:na]
	at org.springframework.data.jpa.repository.support.SimpleJpaRepository.save(SimpleJpaRepository.java:664) ~[spring-data-jpa-4.0.2.jar:4.0.2]
	at org.springframework.data.jpa.repository.support.SimpleJpaRepository.saveAll(SimpleJpaRepository.java:690) ~[spring-data-jpa-4.0.2.jar:4.0.2]
	at java.base/jdk.internal.reflect.DirectMethodHandleAccessor.invoke(DirectMethodHandleAccessor.java:104) ~[na:na]
	at java.base/java.lang.reflect.Method.invoke(Method.java:565) ~[na:na]
	at org.springframework.aop.support.AopUtils.invokeJoinpointUsingReflection(AopUtils.java:359) ~[spring-aop-7.0.3.jar:7.0.3]
	at org.springframework.data.repository.core.support.RepositoryMethodInvoker$RepositoryFragmentMethodInvoker.lambda$new$0(RepositoryMethodInvoker.java:278) ~[spring-data-commons-4.0.2.jar:4.0.2]
	at org.springframework.data.repository.core.support.RepositoryMethodInvoker.doInvoke(RepositoryMethodInvoker.java:169) ~[spring-data-commons-4.0.2.jar:4.0.2]
	at org.springframework.data.repository.core.support.RepositoryMethodInvoker.invoke(RepositoryMethodInvoker.java:158) ~[spring-data-commons-4.0.2.jar:4.0.2]
	at org.springframework.data.repository.core.support.RepositoryComposition$RepositoryFragments.invoke(RepositoryComposition.java:545) ~[spring-data-commons-4.0.2.jar:4.0.2]
	at org.springframework.data.repository.core.support.RepositoryComposition.invoke(RepositoryComposition.java:290) ~[spring-data-commons-4.0.2.jar:4.0.2]
	at org.springframework.data.repository.core.support.RepositoryFactorySupport$ImplementationMethodExecutionInterceptor.invoke(RepositoryFactorySupport.java:690) ~[spring-data-commons-4.0.2.jar:4.0.2]
	at org.springframework.aop.framework.ReflectiveMethodInvocation.proceed(ReflectiveMethodInvocation.java:179) ~[spring-aop-7.0.3.jar:7.0.3]
	at org.springframework.data.repository.core.support.QueryExecutorMethodInterceptor.doInvoke(QueryExecutorMethodInterceptor.java:171) ~[spring-data-commons-4.0.2.jar:4.0.2]
	at org.springframework.data.repository.core.support.QueryExecutorMethodInterceptor.invoke(QueryExecutorMethodInterceptor.java:146) ~[spring-data-commons-4.0.2.jar:4.0.2]
	at org.springframework.aop.framework.ReflectiveMethodInvocation.proceed(ReflectiveMethodInvocation.java:179) ~[spring-aop-7.0.3.jar:7.0.3]
	at org.springframework.data.projection.DefaultMethodInvokingMethodInterceptor.invoke(DefaultMethodInvokingMethodInterceptor.java:69) ~[spring-data-commons-4.0.2.jar:4.0.2]
	at org.springframework.aop.framework.ReflectiveMethodInvocation.proceed(ReflectiveMethodInvocation.java:179) ~[spring-aop-7.0.3.jar:7.0.3]
	at org.springframework.transaction.interceptor.TransactionInterceptor$1.proceedWithInvocation(TransactionInterceptor.java:133) ~[spring-tx-7.0.3.jar:7.0.3]
	at org.springframework.transaction.interceptor.TransactionAspectSupport.invokeWithinTransaction(TransactionAspectSupport.java:371) ~[spring-tx-7.0.3.jar:7.0.3]
	at org.springframework.transaction.interceptor.TransactionInterceptor.invoke(TransactionInterceptor.java:130) ~[spring-tx-7.0.3.jar:7.0.3]
	at org.springframework.aop.framework.ReflectiveMethodInvocation.proceed(ReflectiveMethodInvocation.java:179) ~[spring-aop-7.0.3.jar:7.0.3]
	at org.springframework.dao.support.PersistenceExceptionTranslationInterceptor.invoke(PersistenceExceptionTranslationInterceptor.java:135) ~[spring-tx-7.0.3.jar:7.0.3]
	at org.springframework.aop.framework.ReflectiveMethodInvocation.proceed(ReflectiveMethodInvocation.java:179) ~[spring-aop-7.0.3.jar:7.0.3]
	at org.springframework.data.jpa.repository.support.CrudMethodMetadataPostProcessor$CrudMethodMetadataPopulatingMethodInterceptor.invoke(CrudMethodMetadataPostProcessor.java:166) ~[spring-data-jpa-4.0.2.jar:4.0.2]
	at org.springframework.aop.framework.ReflectiveMethodInvocation.proceed(ReflectiveMethodInvocation.java:179) ~[spring-aop-7.0.3.jar:7.0.3]
	at org.springframework.aop.framework.JdkDynamicAopProxy.invoke(JdkDynamicAopProxy.java:222) ~[spring-aop-7.0.3.jar:7.0.3]
	at jdk.proxy2/jdk.proxy2.$Proxy130.saveAll(Unknown Source) ~[na:na]
	at me.girish.spellingbeeapp.service.QuizService.generateQuiz(QuizService.java:114) ~[classes/:na]
	at me.girish.spellingbeeapp.controller.QuizController.startQuiz(QuizController.java:33) ~[classes/:na]
	at java.base/jdk.internal.reflect.DirectMethodHandleAccessor.invoke(DirectMethodHandleAccessor.java:104) ~[na:na]
	at java.base/java.lang.reflect.Method.invoke(Method.java:565) ~[na:na]
	at org.springframework.web.method.support.InvocableHandlerMethod.doInvoke(InvocableHandlerMethod.java:258) ~[spring-web-7.0.3.jar:7.0.3]
	at org.springframework.web.method.support.InvocableHandlerMethod.invokeForRequest(InvocableHandlerMethod.java:190) ~[spring-web-7.0.3.jar:7.0.3]
	at org.springframework.web.servlet.mvc.method.annotation.ServletInvocableHandlerMethod.invokeAndHandle(ServletInvocableHandlerMethod.java:117) ~[spring-webmvc-7.0.3.jar:7.0.3]
	at org.springframework.web.servlet.mvc.method.annotation.RequestMappingHandlerAdapter.invokeHandlerMethod(RequestMappingHandlerAdapter.java:934) ~[spring-webmvc-7.0.3.jar:7.0.3]
	at org.springframework.web.servlet.mvc.method.annotation.RequestMappingHandlerAdapter.handleInternal(RequestMappingHandlerAdapter.java:853) ~[spring-webmvc-7.0.3.jar:7.0.3]
	at org.springframework.web.servlet.mvc.method.AbstractHandlerMethodAdapter.handle(AbstractHandlerMethodAdapter.java:86) ~[spring-webmvc-7.0.3.jar:7.0.3]
	at org.springframework.web.servlet.DispatcherServlet.doDispatch(DispatcherServlet.java:963) ~[spring-webmvc-7.0.3.jar:7.0.3]
	at org.springframework.web.servlet.DispatcherServlet.doService(DispatcherServlet.java:866) ~[spring-webmvc-7.0.3.jar:7.0.3]
	at org.springframework.web.servlet.FrameworkServlet.processRequest(FrameworkServlet.java:1003) ~[spring-webmvc-7.0.3.jar:7.0.3]
	at org.springframework.web.servlet.FrameworkServlet.doGet(FrameworkServlet.java:892) ~[spring-webmvc-7.0.3.jar:7.0.3]
	at jakarta.servlet.http.HttpServlet.service(HttpServlet.java:622) ~[tomcat-embed-core-11.0.15.jar:6.1]
	at org.springframework.web.servlet.FrameworkServlet.service(FrameworkServlet.java:874) ~[spring-webmvc-7.0.3.jar:7.0.3]
	at jakarta.servlet.http.HttpServlet.service(HttpServlet.java:710) ~[tomcat-embed-core-11.0.15.jar:6.1]
	at org.apache.catalina.core.ApplicationFilterChain.doFilter(ApplicationFilterChain.java:128) ~[tomcat-embed-core-11.0.15.jar:11.0.15]
	at org.apache.tomcat.websocket.server.WsFilter.doFilter(WsFilter.java:53) ~[tomcat-embed-websocket-11.0.15.jar:11.0.15]
	at org.apache.catalina.core.ApplicationFilterChain.doFilter(ApplicationFilterChain.java:107) ~[tomcat-embed-core-11.0.15.jar:11.0.15]
	at org.springframework.web.filter.RequestContextFilter.doFilterInternal(RequestContextFilter.java:100) ~[spring-web-7.0.3.jar:7.0.3]
	at org.springframework.web.filter.OncePerRequestFilter.doFilter(OncePerRequestFilter.java:116) ~[spring-web-7.0.3.jar:7.0.3]
	at org.apache.catalina.core.ApplicationFilterChain.doFilter(ApplicationFilterChain.java:107) ~[tomcat-embed-core-11.0.15.jar:11.0.15]
	at org.springframework.web.filter.FormContentFilter.doFilterInternal(FormContentFilter.java:93) ~[spring-web-7.0.3.jar:7.0.3]
	at org.springframework.web.filter.OncePerRequestFilter.doFilter(OncePerRequestFilter.java:116) ~[spring-web-7.0.3.jar:7.0.3]
	at org.apache.catalina.core.ApplicationFilterChain.doFilter(ApplicationFilterChain.java:107) ~[tomcat-embed-core-11.0.15.jar:11.0.15]
	at org.springframework.web.filter.CharacterEncodingFilter.doFilterInternal(CharacterEncodingFilter.java:199) ~[spring-web-7.0.3.jar:7.0.3]
	at org.springframework.web.filter.OncePerRequestFilter.doFilter(OncePerRequestFilter.java:116) ~[spring-web-7.0.3.jar:7.0.3]
	at org.apache.catalina.core.ApplicationFilterChain.doFilter(ApplicationFilterChain.java:107) ~[tomcat-embed-core-11.0.15.jar:11.0.15]
	at org.apache.catalina.core.StandardWrapperValve.invoke(StandardWrapperValve.java:165) ~[tomcat-embed-core-11.0.15.jar:11.0.15]
	at org.apache.catalina.core.StandardContextValve.invoke(StandardContextValve.java:77) ~[tomcat-embed-core-11.0.15.jar:11.0.15]
	at org.apache.catalina.authenticator.AuthenticatorBase.invoke(AuthenticatorBase.java:482) ~[tomcat-embed-core-11.0.15.jar:11.0.15]
	at org.apache.catalina.core.StandardHostValve.invoke(StandardHostValve.java:113) ~[tomcat-embed-core-11.0.15.jar:11.0.15]
	at org.apache.catalina.valves.ErrorReportValve.invoke(ErrorReportValve.java:83) ~[tomcat-embed-core-11.0.15.jar:11.0.15]
	at org.apache.catalina.core.StandardEngineValve.invoke(StandardEngineValve.java:72) ~[tomcat-embed-core-11.0.15.jar:11.0.15]
	at org.apache.catalina.connector.CoyoteAdapter.service(CoyoteAdapter.java:341) ~[tomcat-embed-core-11.0.15.jar:11.0.15]
	at org.apache.coyote.http11.Http11Processor.service(Http11Processor.java:397) ~[tomcat-embed-core-11.0.15.jar:11.0.15]
	at org.apache.coyote.AbstractProcessorLight.process(AbstractProcessorLight.java:63) ~[tomcat-embed-core-11.0.15.jar:11.0.15]
	at org.apache.coyote.AbstractProtocol$ConnectionHandler.process(AbstractProtocol.java:903) ~[tomcat-embed-core-11.0.15.jar:11.0.15]
	at org.apache.tomcat.util.net.NioEndpoint$SocketProcessor.doRun(NioEndpoint.java:1778) ~[tomcat-embed-core-11.0.15.jar:11.0.15]
	at org.apache.tomcat.util.net.SocketProcessorBase.run(SocketProcessorBase.java:52) ~[tomcat-embed-core-11.0.15.jar:11.0.15]
	at org.apache.tomcat.util.threads.ThreadPoolExecutor.runWorker(ThreadPoolExecutor.java:946) ~[tomcat-embed-core-11.0.15.jar:11.0.15]
	at org.apache.tomcat.util.threads.ThreadPoolExecutor$Worker.run(ThreadPoolExecutor.java:480) ~[tomcat-embed-core-11.0.15.jar:11.0.15]
	at org.apache.tomcat.util.threads.TaskThread$WrappingRunnable.run(TaskThread.java:57) ~[tomcat-embed-core-11.0.15.jar:11.0.15]
	at java.base/java.lang.Thread.run(Thread.java:1474) ~[na:na]

Word not found in Dictionary API: cymotrichous
Word not found in Dictionary API: xertz
ABOUT TO SAVE 10 QUESTIONS
Word not found in Dictionary API: nudiustertian
ABOUT TO SAVE 10 QUESTIONS
2026-02-15T11:27:08.202-08:00  INFO 23778 --- [spellingbeeapp] [ionShutdownHook] o.s.boot.tomcat.GracefulShutdown         : Commencing graceful shutdown. Waiting for active requests to complete
2026-02-15T11:27:08.206-08:00  INFO 23778 --- [spellingbeeapp] [tomcat-shutdown] o.s.boot.tomcat.GracefulShutdown         : Graceful shutdown complete
2026-02-15T11:27:08.208-08:00  INFO 23778 --- [spellingbeeapp] [ionShutdownHook] j.LocalContainerEntityManagerFactoryBean : Closing JPA EntityManagerFactory for persistence unit 'default'
2026-02-15T11:27:08.210-08:00  INFO 23778 --- [spellingbeeapp] [ionShutdownHook] com.zaxxer.hikari.HikariDataSource       : HikariPool-1 - Shutdown initiated...
2026-02-15T11:27:08.211-08:00  INFO 23778 --- [spellingbeeapp] [ionShutdownHook] com.zaxxer.hikari.HikariDataSource       : HikariPool-1 - Shutdown completed.
[INFO] ------------------------------------------------------------------------
[INFO] BUILD SUCCESS
[INFO] ------------------------------------------------------------------------
[INFO] Total time:  06:42 min
[INFO] Finished at: 2026-02-15T11:27:08-08:00
[INFO] ------------------------------------------------------------------------
